<?xml version="1.0" encoding="UTF-8"?>
<testng-results skipped="0" failed="0" ignored="0" total="1" passed="1">
  <reporter-output>
  </reporter-output>
  <suite name="Suite" duration-ms="2920" started-at="2018-11-30T12:22:01Z" finished-at="2018-11-30T12:22:04Z">
    <groups>
    </groups>
    <test name="Test" duration-ms="2920" started-at="2018-11-30T12:22:01Z" finished-at="2018-11-30T12:22:04Z">
      <class name="Practice.Example">
        <test-method status="PASS" signature="m()[pri:0, instance:Practice.Example@2b80d80f]" name="m" is-config="true" duration-ms="2855" started-at="2018-11-30T17:52:01Z" finished-at="2018-11-30T17:52:04Z">
          <reporter-output>
          </reporter-output>
        </test-method> <!-- m -->
        <test-method status="PASS" signature="m1()[pri:0, instance:Practice.Example@2b80d80f]" name="m1" duration-ms="0" started-at="2018-11-30T17:52:04Z" finished-at="2018-11-30T17:52:04Z">
          <reporter-output>
          </reporter-output>
        </test-method> <!-- m1 -->
        <test-method status="PASS" signature="m2()[pri:0, instance:Practice.Example@2b80d80f]" name="m2" is-config="true" duration-ms="37" started-at="2018-11-30T17:52:04Z" finished-at="2018-11-30T17:52:04Z">
          <reporter-output>
          </reporter-output>
        </test-method> <!-- m2 -->
      </class> <!-- Practice.Example -->
    </test> <!-- Test -->
  </suite> <!-- Suite -->
</testng-results>
